C51 COMPILER V9.52.0.0   MAIN                                                              04/18/2022 09:19:11 PAGE 1   


C51 COMPILER V9.52.0.0, COMPILATION OF MODULE MAIN
OBJECT MODULE PLACED IN main.OBJ
COMPILER INVOKED BY: f:\Keil\C51\BIN\C51.EXE main.c BROWSE DEBUG OBJECTEXTEND TABS(2)

line level    source

   1          /*********************************************************************************************************
   2          * 模块名称: Main.c
   3          * 摘    要: 主文件，包含初始化函数和main函数
   4          * 当前版本: 1.0.0
   5          * 作    者: Leyutek(COPYRIGHT 2018 - 2021 Leyutek. All rights reserved.)
   6          * 完成日期: 2022年2月1日
   7          * 内    容: 
   8          * 注    意: 
   9          **********************************************************************************************************
  10          * 取代版本: 
  11          * 作    者: 
  12          * 完成日期: 
  13          * 修改内容: 
  14          * 修改文件: 
  15          *********************************************************************************************************/
  16          /*********************************************************************************************************
  17          *                                              包含头文件
  18          *********************************************************************************************************/
  19          #include <reg52.h>
  20          
  21          /*********************************************************************************************************
  22          *                                              宏定义
  23          *********************************************************************************************************/
  24          
  25          /*********************************************************************************************************
  26          *                                              位定义
  27          *********************************************************************************************************/
  28          
  29          /*********************************************************************************************************
  30          *                                              枚举结构体定义
  31          *********************************************************************************************************/
  32          
  33          /*********************************************************************************************************
  34          *                                              内部变量
  35          *********************************************************************************************************/
  36          
  37          /*********************************************************************************************************
  38          *                                              内部函数声明
  39          *********************************************************************************************************/
  40          static void DelayNms(int nms);
  41          
  42          /*********************************************************************************************************
  43          *                                              内部函数实现
  44          *********************************************************************************************************/
  45          
  46          /*********************************************************************************************************
  47          * 函数名称: DelayNms
  48          * 函数功能: 软件延迟函数，用于延迟一段时间
  49          * 输入参数: xms-延迟时间（毫秒）
  50          * 输出参数: void
  51          * 返 回 值: void
  52          * 创建日期: 2022年2月1日
  53          * 注    意: 
  54          *********************************************************************************************************/
  55          static void DelayNms(int nms)
C51 COMPILER V9.52.0.0   MAIN                                                              04/18/2022 09:19:11 PAGE 2   

  56          {
  57   1        unsigned int i,j;
  58   1        for(i = 0; i < nms; i++)
  59   1        {
  60   2          for(j = 0; j < 123; j++)
  61   2          {
  62   3            
  63   3          } 
  64   2        }
  65   1      }
  66          
  67          /*********************************************************************************************************
  68          * 函数名称: main
  69          * 函数功能: 主函数
  70          * 输入参数: void
  71          * 输出参数: void
  72          * 返 回 值: void
  73          * 创建日期: 2022年2月1日
  74          * 注    意: 
  75          *********************************************************************************************************/
  76          void main()
  77          {
  78   1        unsigned char i;          //定义循环计数变量i
  79   1      
  80   1        while (1)
  81   1        {
  82   2          P2 = 0xEF;
  83   2          for(i = 0; i < 4; i++)
  84   2          {
  85   3            DelayNms(500);        //延迟500ms
  86   3            P2 = P2 << 1;     //左移一位
  87   3          }
  88   2        }
  89   1      }


MODULE INFORMATION:   STATIC OVERLAYABLE
   CODE SIZE        =     56    ----
   CONSTANT SIZE    =   ----    ----
   XDATA SIZE       =   ----    ----
   PDATA SIZE       =   ----    ----
   DATA SIZE        =   ----    ----
   IDATA SIZE       =   ----    ----
   BIT SIZE         =   ----    ----
END OF MODULE INFORMATION.


C51 COMPILATION COMPLETE.  0 WARNING(S),  0 ERROR(S)
