C51 COMPILER V9.52.0.0   MAIN                                                              03/23/2022 19:42:14 PAGE 1   


C51 COMPILER V9.52.0.0, COMPILATION OF MODULE MAIN
OBJECT MODULE PLACED IN main.OBJ
COMPILER INVOKED BY: f:\Keil\C51\BIN\C51.EXE main.c BROWSE DEBUG OBJECTEXTEND TABS(2)

line level    source

   1          /*********************************************************************************************************
   2          * 模块名称: Main.c
   3          * 摘    要: 主文件，包含初始化函数和main函数
   4          * 当前版本: 1.0.0
   5          * 作    者: Leyutek(COPYRIGHT 2018 - 2021 Leyutek. All rights reserved.)
   6          * 完成日期: 2022年2月1日
   7          * 内    容: 
   8          * 注    意: 
   9          **********************************************************************************************************
  10          * 取代版本: 
  11          * 作    者: 
  12          * 完成日期: 
  13          * 修改内容: 
  14          * 修改文件: 
  15          *********************************************************************************************************/
  16          /*********************************************************************************************************
  17          *                                              包含头文件
  18          *********************************************************************************************************/
  19          #include <reg52.h>
  20          
  21          /*********************************************************************************************************
  22          *                                              宏定义
  23          *********************************************************************************************************/
  24          
  25          /*********************************************************************************************************
  26          *                                              位定义
  27          *********************************************************************************************************/
  28          sbit LED1 = P2^4;  //定义LED1
  29          sbit LED2 = P2^5;  //定义LED2
  30          
  31          /*********************************************************************************************************
  32          *                                              枚举结构体定义
  33          *********************************************************************************************************/
  34          
  35          /*********************************************************************************************************
  36          *                                              内部变量
  37          *********************************************************************************************************/
  38          
  39          /*********************************************************************************************************
  40          *                                              内部函数声明
  41          *********************************************************************************************************/
  42          static void InitInterrupt(void);
  43          
  44          /*********************************************************************************************************
  45          *                                              内部函数实现
  46          *********************************************************************************************************/
  47          
  48          /*********************************************************************************************************
  49          * 函数名称: InitInterrupt
  50          * 函数功能: 配置中断
  51          * 输入参数: void
  52          * 输出参数: void
  53          * 返 回 值: void
  54          * 创建日期: 2022年2月1日
  55          * 注    意: 
C51 COMPILER V9.52.0.0   MAIN                                                              03/23/2022 19:42:14 PAGE 2   

  56          *********************************************************************************************************/
  57          static void InitInterrupt()
  58          {
  59   1        IT0 = 1;   //设置 外部中断0 触发方式为下降沿触发
  60   1        EX0 = 1;   //打开 外部中断0 中断允许
  61   1        IT1 = 1;   //打开 外部中断1 中断允许
  62   1        EX1 = 1;   //打开 外部中断1 中断允许
  63   1        EA  = 1;   //打开 总中断允许
  64   1      }
  65          
  66          /*********************************************************************************************************
  67          * 函数名称: main
  68          * 函数功能: 主函数
  69          * 输入参数: void
  70          * 输出参数: void
  71          * 返 回 值: void
  72          * 创建日期: 2022年2月1日
  73          * 注    意: 
  74          *********************************************************************************************************/
  75          void main()
  76          {
  77   1        InitInterrupt();  //配置中断
  78   1        while (1)
  79   1        {
  80   2          
  81   2        }
  82   1      }
  83          
  84          /*********************************************************************************************************
  85          * 函数名称: External0_Handler
  86          * 函数功能: 外部中断0的中断服务函数
  87          * 输入参数: void
  88          * 输出参数: void
  89          * 返 回 值: void
  90          * 创建日期: 2022年2月1日
  91          * 注    意: 
  92          *********************************************************************************************************/
  93          void External0_Handler() interrupt 0 
  94          {
  95   1        LED1 = ~LED1;   //对LED1状态取反，翻转LED1开关状态
  96   1      }
  97          
  98          /*********************************************************************************************************
  99          * 函数名称: External1_Handler
 100          * 函数功能: 外部中断1的中断服务函数
 101          * 输入参数: void
 102          * 输出参数: void
 103          * 返 回 值: void
 104          * 创建日期: 2022年2月1日
 105          * 注    意: 
 106          *********************************************************************************************************/
 107          void External1_Handler() interrupt 2
 108          {
 109   1        LED2 = ~LED2;   //对LED1状态取反，翻转LED1开关状态
 110   1      }


MODULE INFORMATION:   STATIC OVERLAYABLE
   CODE SIZE        =     22    ----
   CONSTANT SIZE    =   ----    ----
   XDATA SIZE       =   ----    ----
   PDATA SIZE       =   ----    ----
C51 COMPILER V9.52.0.0   MAIN                                                              03/23/2022 19:42:14 PAGE 3   

   DATA SIZE        =   ----    ----
   IDATA SIZE       =   ----    ----
   BIT SIZE         =   ----    ----
END OF MODULE INFORMATION.


C51 COMPILATION COMPLETE.  0 WARNING(S),  0 ERROR(S)
