C51 COMPILER V9.60.7.0   MAIN                                                              12/08/2024 18:41:32 PAGE 1   


C51 COMPILER V9.60.7.0, COMPILATION OF MODULE MAIN
OBJECT MODULE PLACED IN .\Objects\main.obj
COMPILER INVOKED BY: D:\ProgramData\C51\BIN\C51.EXE main.c OPTIMIZE(8,SPEED) BROWSE DEBUG OBJECTEXTEND PRINT(.\Listings\
                    -main.lst) TABS(2) OBJECT(.\Objects\main.obj)

line level    source

   1          #include <STC89C5xRC.H>
   2          #include <INTRINS.H>
   3          
   4          void Delay500ms(void) //@11.0592MHz
   5          {
   6   1        unsigned char data i, j, k;
   7   1      
   8   1        _nop_();
   9   1        i = 4;
  10   1        j = 129;
  11   1        k = 119;
  12   1        do
  13   1        {
  14   2          do
  15   2          {
  16   3            while (--k);
  17   3          } while (--j);
  18   2        } while (--i);
  19   1      }
  20          
  21          
  22          void main(){
  23   1        
  24   1        /*unsigned char i;
  25   1        unsigned char j;*/
  26   1        P27 = 0;
  27   1        while (1)
  28   1        {
  29   2        //用循环拖时间
  30   2          /*P24 = 0;
  31   2          for(i=0;i<255;i++)
  32   2          {   for(j=0;j<255;j++)
  33   2            { 
  34   2            
  35   2            }
  36   2            
  37   2          }
  38   2          P24 = 1;
  39   2          for(i=0;i<255;i++)
  40   2          {
  41   2            for(j=0;j<255;j++)
  42   2          { 
  43   2            
  44   2          }
  45   2          }*/
  46   2          
  47   2        //优化1:取反
  48   2        /*P24 =~ P24;
  49   2          for(i=0;i<255;i++){
  50   2            for(j=0;j<255;j++){
  51   2            }
  52   2          }*/
  53   2          //优化2:精准操控闪烁时间:
  54   2          P24 =~ P24;
C51 COMPILER V9.60.7.0   MAIN                                                              12/08/2024 18:41:32 PAGE 2   

  55   2          Delay500ms();
  56   2        }
  57   1        
  58   1        
  59   1      }


MODULE INFORMATION:   STATIC OVERLAYABLE
   CODE SIZE        =     23    ----
   CONSTANT SIZE    =   ----    ----
   XDATA SIZE       =   ----    ----
   PDATA SIZE       =   ----    ----
   DATA SIZE        =   ----    ----
   IDATA SIZE       =   ----    ----
   BIT SIZE         =   ----    ----
END OF MODULE INFORMATION.


C51 COMPILATION COMPLETE.  0 WARNING(S),  0 ERROR(S)
