C51 COMPILER V9.52.0.0   MAIN                                                              04/01/2022 17:24:32 PAGE 1   


C51 COMPILER V9.52.0.0, COMPILATION OF MODULE MAIN
OBJECT MODULE PLACED IN main.OBJ
COMPILER INVOKED BY: f:\Keil\C51\BIN\C51.EXE main.c BROWSE DEBUG OBJECTEXTEND TABS(2)

line level    source

   1          /*********************************************************************************************************
   2          * 模块名称: Main.c
   3          * 摘    要: 主文件，包含初始化函数和main函数
   4          * 当前版本: 1.0.0
   5          * 作    者: Leyutek(COPYRIGHT 2018 - 2021 Leyutek. All rights reserved.)
   6          * 完成日期: 2022年2月1日
   7          * 内    容: 
   8          * 注    意: 
   9          **********************************************************************************************************
  10          * 取代版本: 
  11          * 作    者: 
  12          * 完成日期: 
  13          * 修改内容: 
  14          * 修改文件: 
  15          *********************************************************************************************************/
  16          /*********************************************************************************************************
  17          *                                              包含头文件
  18          *********************************************************************************************************/
  19          #include <reg52.h>
  20          
  21          /*********************************************************************************************************
  22          *                                              位定义
  23          *********************************************************************************************************/
  24          sbit SegmentG1 = P2^3;  //定义数码管1
  25          sbit SegmentG2 = P2^2;  //定义数码管2
  26          sbit SegmentG3 = P2^1;  //定义数码管3
  27          sbit SegmentG4 = P2^0;  //定义数码管4
  28          
  29          /*********************************************************************************************************
  30          *                                              宏定义
  31          *********************************************************************************************************/
  32          
  33          /*********************************************************************************************************
  34          *                                              枚举结构体定义
  35          *********************************************************************************************************/
  36          
  37          /*********************************************************************************************************
  38          *                                              内部变量
  39          *********************************************************************************************************/
  40          static unsigned char s_arrNumber[] = {0x03 , 0x9f , 0x25 , 0x0d , 0x99 , 0x49 , 0x41 , 0x1f , 0x01 , 0x09}
             -; //初始化数码管显示数字0-9
  41          
  42          /*********************************************************************************************************
  43          *                                              内部函数声明
  44          *********************************************************************************************************/
  45          static void Delayms(int nms);
  46          
  47          /*********************************************************************************************************
  48          *                                              内部函数实现
  49          *********************************************************************************************************/
  50          
  51          /*********************************************************************************************************
  52          * 函数名称: DelayNms
  53          * 函数功能: 软件延迟函数，用于延迟一段时间
  54          * 输入参数: xms-延迟时间（毫秒）
C51 COMPILER V9.52.0.0   MAIN                                                              04/01/2022 17:24:32 PAGE 2   

  55          * 输出参数: void
  56          * 返 回 值: void
  57          * 创建日期: 2022年2月1日
  58          * 注    意: 
  59          *********************************************************************************************************/
  60          static void DelayNms(int nms)
  61          {
  62   1        unsigned int i,j;
  63   1        for(i = 0; i < nms; i++)
  64   1        {
  65   2          for(j = 0; j < 123; j++)
  66   2          {
  67   3            
  68   3          }
  69   2        }
  70   1      }
  71          
  72          /*********************************************************************************************************
  73          * 函数名称: main
  74          * 函数功能: 主函数
  75          * 输入参数: void
  76          * 输出参数: void
  77          * 返 回 值: void
  78          * 创建日期: 2022年2月1日
  79          * 注    意: 
  80          *********************************************************************************************************/
  81          void main()
  82          {
  83   1        while (1)
  84   1        {
  85   2          P0 = s_arrNumber[1]; //数码管1显示为数字1
  86   2          SegmentG1 = 0;       //打开数码管1
  87   2          DelayNms(1);         //延迟1ms
  88   2          SegmentG1 = 1;       //关闭数码管1
  89   2          
  90   2          P0 = s_arrNumber[2]; //数码管2显示为数字2
  91   2          SegmentG2 = 0;       //打开数码管2
  92   2          DelayNms(1);         //延迟1ms
  93   2          SegmentG2 = 1;       //关闭数码管2
  94   2        
  95   2          P0 = s_arrNumber[3]; //数码管3显示为数字3
  96   2          SegmentG3 = 0;       //打开数码管3
  97   2          DelayNms(1);         //延迟1ms
  98   2          SegmentG3 = 1;       //关闭数码管3
  99   2         
 100   2          P0 = s_arrNumber[4]; //数码管4显示为数字4
 101   2          SegmentG4 = 0;       //打开数码管4
 102   2          DelayNms(1);         //延迟1ms
 103   2          SegmentG4 = 1;       //关闭数码管4
 104   2        }
 105   1      }


MODULE INFORMATION:   STATIC OVERLAYABLE
   CODE SIZE        =     78    ----
   CONSTANT SIZE    =   ----    ----
   XDATA SIZE       =   ----    ----
   PDATA SIZE       =   ----    ----
   DATA SIZE        =     10    ----
   IDATA SIZE       =   ----    ----
   BIT SIZE         =   ----    ----
END OF MODULE INFORMATION.

C51 COMPILER V9.52.0.0   MAIN                                                              04/01/2022 17:24:32 PAGE 3   


C51 COMPILATION COMPLETE.  0 WARNING(S),  0 ERROR(S)
