C51 COMPILER V9.52.0.0   MAIN                                                              04/28/2022 09:51:43 PAGE 1   


C51 COMPILER V9.52.0.0, COMPILATION OF MODULE MAIN
OBJECT MODULE PLACED IN main.OBJ
COMPILER INVOKED BY: D:\Keil\C51\BIN\C51.EXE main.c ROM(SMALL) BROWSE DEBUG OBJECTEXTEND TABS(2)

line level    source

   1          /*********************************************************************************************************
   2          * 模块名称: Main.c
   3          * 摘    要: 主文件，包含初始化函数和main函数
   4          * 当前版本: 1.0.0
   5          * 作    者: Leyutek(COPYRIGHT 2018 - 2021 Leyutek. All rights reserved.)
   6          * 完成日期: 2022年2月1日
   7          * 内    容: 
   8          * 注    意: 
   9          **********************************************************************************************************
  10          * 取代版本: 
  11          * 作    者: 
  12          * 完成日期: 
  13          * 修改内容: 
  14          * 修改文件: 
  15          *********************************************************************************************************/
  16          
  17          /*********************************************************************************************************
  18          *                                              包含头文件
  19          *********************************************************************************************************/
  20          #include <reg52.h>
  21          
  22          /*********************************************************************************************************
  23          *                                              宏定义
  24          *********************************************************************************************************/
  25          
  26          /*********************************************************************************************************
  27          *                                              位定义
  28          *********************************************************************************************************/
  29          sbit LED1 = P2^4; //定义LED1
  30          sbit LED2 = P2^5; //定义LED2
  31          sbit LED3 = P2^6; //定义LED3
  32          sbit LED4 = P2^7; //定义LED4
  33          
  34          /*********************************************************************************************************
  35          *                                              枚举结构体定义
  36          *********************************************************************************************************/
  37          
  38          /*********************************************************************************************************
  39          *                                              内部变量
  40          *********************************************************************************************************/
  41          
  42          /*********************************************************************************************************
  43          *                                              内部函数声明
  44          *********************************************************************************************************/
  45          static void DelayNms(int nms);
  46          
  47          /*********************************************************************************************************
  48          *                                              内部函数实现
  49          *********************************************************************************************************/
  50          
  51          /*********************************************************************************************************
  52          * 函数名称: DelayNms
  53          * 函数功能: 软件延迟函数，用于延迟一段时间
  54          * 输入参数: xms-延迟时间（毫秒）
  55          * 输出参数: void
C51 COMPILER V9.52.0.0   MAIN                                                              04/28/2022 09:51:43 PAGE 2   

  56          * 返 回 值: void
  57          * 创建日期: 2022年2月1日
  58          * 注    意: 
  59          *********************************************************************************************************/
  60          static void DelayNms(int nms)
  61          {
  62   1        unsigned int i,j;
  63   1        for(i = 0; i < nms; i++)
  64   1        {
  65   2          for(j = 0; j < 123; j++)
  66   2          {
  67   3            
  68   3          } 
  69   2        }
  70   1      }
  71          
  72          /*********************************************************************************************************
  73          * 函数名称: main
  74          * 函数功能: 主函数
  75          * 输入参数: void
  76          * 输出参数: void
  77          * 返 回 值: void
  78          * 创建日期: 2022年2月1日
  79          * 注    意: 
  80          *********************************************************************************************************/
  81          void main()
  82          {
  83   1        while (1)
  84   1        {
  85   2          LED1 = 0;       //打开LED1
  86   2          DelayNms(500);  //延迟500ms
  87   2          LED1 = 1;       //关闭LED1
  88   2          
  89   2          LED2 = 0;       //打开LED2
  90   2          DelayNms(500);  //延迟500ms
  91   2          LED2 = 1;       //关闭LED2
  92   2          
  93   2          LED3 = 0;       //打开LED3
  94   2          DelayNms(500);  //延迟500ms
  95   2          LED3 = 1;       //关闭LED3
  96   2          
  97   2          LED4 = 0;       //打开LED4
  98   2          DelayNms(500);  //延迟500ms
  99   2          LED4 = 1;       //关闭LED4
 100   2        }
 101   1      }


MODULE INFORMATION:   STATIC OVERLAYABLE
   CODE SIZE        =     62    ----
   CONSTANT SIZE    =   ----    ----
   XDATA SIZE       =   ----    ----
   PDATA SIZE       =   ----    ----
   DATA SIZE        =   ----    ----
   IDATA SIZE       =   ----    ----
   BIT SIZE         =   ----    ----
END OF MODULE INFORMATION.


C51 COMPILATION COMPLETE.  0 WARNING(S),  0 ERROR(S)
