C51 COMPILER V9.52.0.0   MAIN                                                              03/30/2022 17:44:19 PAGE 1   


C51 COMPILER V9.52.0.0, COMPILATION OF MODULE MAIN
OBJECT MODULE PLACED IN main.OBJ
COMPILER INVOKED BY: f:\Keil\C51\BIN\C51.EXE main.c BROWSE DEBUG OBJECTEXTEND TABS(2)

line level    source

   1          /*********************************************************************************************************
   2          * 模块名称: Main.c
   3          * 摘    要: 主文件，包含初始化函数和main函数
   4          * 当前版本: 1.0.0
   5          * 作    者: Leyutek(COPYRIGHT 2018 - 2021 Leyutek. All rights reserved.)
   6          * 完成日期: 2022年2月1日
   7          * 内    容: 
   8          * 注    意: 
   9          **********************************************************************************************************
  10          * 取代版本: 
  11          * 作    者: 
  12          * 完成日期: 
  13          * 修改内容: 
  14          * 修改文件: 
  15          *********************************************************************************************************/
  16          /*********************************************************************************************************
  17          *                                              包含头文件
  18          *********************************************************************************************************/
  19          #include <reg52.h>
  20          
  21          /*********************************************************************************************************
  22          *                                              位定义
  23          *********************************************************************************************************/
  24          sbit Beep = P1^0; //定义蜂鸣器
  25          
  26          /*********************************************************************************************************
  27          *                                              宏定义
  28          *********************************************************************************************************/
  29          #define Beep_ON Beep = 0;
  30          #define Beep_OFF Beep = 1;
  31          
  32          /*********************************************************************************************************
  33          *                                              枚举结构体定义
  34          *********************************************************************************************************/
  35          
  36          /*********************************************************************************************************
  37          *                                              内部函数声明
  38          *********************************************************************************************************/
  39          static void DelayNms(int xms);
  40          
  41          /*********************************************************************************************************
  42          *                                              内部函数实现
  43          *********************************************************************************************************/
  44          
  45          /*********************************************************************************************************
  46          * 函数名称: DelayNms
  47          * 函数功能: 软件延迟函数，用于延迟一段时间
  48          * 输入参数: xms-延迟时间（毫秒）
  49          * 输出参数: void
  50          * 返 回 值: void
  51          * 创建日期: 2022年2月1日
  52          * 注    意: 
  53          *********************************************************************************************************/
  54          static void DelayNms(int nms)
  55          {
C51 COMPILER V9.52.0.0   MAIN                                                              03/30/2022 17:44:19 PAGE 2   

  56   1        unsigned int i,j;
  57   1        for(i = 0; i < nms; i++)
  58   1        {
  59   2          for(j = 0; j < 123; j++)
  60   2          {
  61   3            
  62   3          } 
  63   2        }
  64   1      }
  65          
  66          /*********************************************************************************************************
  67          * 函数名称: main
  68          * 函数功能: 主函数
  69          * 输入参数: void
  70          * 输出参数: void
  71          * 返 回 值: void
  72          * 创建日期: 2022年2月1日
  73          * 注    意: 
  74          *********************************************************************************************************/
  75          void main()
  76          {
  77   1        Beep_ON;        //打开蜂鸣器
  78   1        DelayNms(500);  //延迟500ms
  79   1        Beep_OFF;       //关闭蜂鸣器
  80   1        while(1)
  81   1        {
  82   2          
  83   2        }
  84   1      }


MODULE INFORMATION:   STATIC OVERLAYABLE
   CODE SIZE        =     45    ----
   CONSTANT SIZE    =   ----    ----
   XDATA SIZE       =   ----    ----
   PDATA SIZE       =   ----    ----
   DATA SIZE        =   ----    ----
   IDATA SIZE       =   ----    ----
   BIT SIZE         =   ----    ----
END OF MODULE INFORMATION.


C51 COMPILATION COMPLETE.  0 WARNING(S),  0 ERROR(S)
